Сборка начата 28.06.2024 9:18:09.
Уровень детализации журнала: Normal.     1>Проект "C:\Users\Manmade\Desktop\КПО\KPO_2sem\Code\lab_14\lab_14\lab_14.vcxproj" в узле 2 (целевые объекты Build).
     1>PrepareForBuild:
         Структурированный вывод включен. Форматирование диагностики компилятора будет отражать иерархию ошибок. Подробнее см. https://aka.ms/cpp/structured-output.
       InitializeBuildStatus:
         Обращение к "x64\Debug\lab_14.tlog\unsuccessfulbuild".
       ClCompile:
         C:\Program Files\Microsoft Visual Studio\2022\Community\VC\Tools\MSVC\14.39.33519\bin\HostX64\x64\CL.exe /c /ZI /JMC /nologo /W3 /WX- /diagnostics:column /sdl /Od /D _DEBUG /D _CONSOLE /D _UNICODE /D UNICODE /Gm- /EHsc /RTC1 /MDd /GS /fp:precise /Zc:wchar_t /Zc:forScope /Zc:inline /permissive- /Fo"x64\Debug\\" /Fd"x64\Debug\vc143.pdb" /external:W3 /Gd /TP /FC /errorReport:prompt In.cpp lab_14.cpp Eror.cpp Log.cpp Out.cpp Parm.cpp
         In.cpp
         lab_14.cpp
         Eror.cpp
         Log.cpp
         Out.cpp
         Parm.cpp
         Создание кода...
       Link:
         C:\Program Files\Microsoft Visual Studio\2022\Community\VC\Tools\MSVC\14.39.33519\bin\HostX64\x64\link.exe /ERRORREPORT:PROMPT /OUT:"C:\Users\Manmade\Desktop\КПО\KPO_2sem\Code\lab_14\x64\Debug\lab_14.exe" /INCREMENTAL /ILK:"x64\Debug\lab_14.ilk" /NOLOGO kernel32.lib user32.lib gdi32.lib winspool.lib comdlg32.lib advapi32.lib shell32.lib ole32.lib oleaut32.lib uuid.lib odbc32.lib odbccp32.lib /MANIFEST /MANIFESTUAC:"level='asInvoker' uiAccess='false'" /manifest:embed /DEBUG /PDB:"C:\Users\Manmade\Desktop\КПО\KPO_2sem\Code\lab_14\x64\Debug\lab_14.pdb" /SUBSYSTEM:CONSOLE /TLBID:1 /DYNAMICBASE /NXCOMPAT /IMPLIB:"C:\Users\Manmade\Desktop\КПО\KPO_2sem\Code\lab_14\x64\Debug\lab_14.lib" /MACHINE:X64 x64\Debug\In.obj
         x64\Debug\lab_14.obj
         x64\Debug\Eror.obj
         x64\Debug\Log.obj
         x64\Debug\Out.obj
         x64\Debug\Parm.obj
         lab_14.vcxproj -> C:\Users\Manmade\Desktop\КПО\KPO_2sem\Code\lab_14\x64\Debug\lab_14.exe
       FinalizeBuildStatus:
         Файл "x64\Debug\lab_14.tlog\unsuccessfulbuild" удаляется.
         Обращение к "x64\Debug\lab_14.tlog\lab_14.lastbuildstate".
     1>Сборка проекта "C:\Users\Manmade\Desktop\КПО\KPO_2sem\Code\lab_14\lab_14\lab_14.vcxproj" завершена (целевые объекты Build).

Сборка успешно завершена.
    Предупреждений: 0
    Ошибок: 0

Прошло времени 00:00:02.01
