Сборка начата 16.05.2024 14:14:40.
Уровень детализации журнала: Normal.     1>Проект "C:\Users\Manmade\Desktop\КПО\KPO_2sem\Code\lab_7\lab_7\lab_7.vcxproj" в узле 2 (целевые объекты Build).
     1>PrepareForBuild:
         Структурированный вывод включен. Форматирование диагностики компилятора будет отражать иерархию ошибок. Подробнее см. https://aka.ms/cpp/structured-output.
       InitializeBuildStatus:
         Обращение к "Debug\lab_7.tlog\unsuccessfulbuild".
       ClCompile:
         C:\Program Files\Microsoft Visual Studio\2022\Community\VC\Tools\MSVC\14.39.33519\bin\HostX86\x86\CL.exe /c /ZI /JMC /nologo /W3 /WX- /diagnostics:column /sdl /Od /Oy- /D WIN32 /D _DEBUG /D _CONSOLE /D _UNICODE /D UNICODE /Gm- /EHsc /RTC1 /MDd /GS /fp:precise /Zc:wchar_t /Zc:forScope /Zc:inline /permissive- /Fo"Debug\\" /Fd"Debug\vc143.pdb" /external:W3 /Gd /TP /analyze- /FC /errorReport:prompt main.cpp
         main.cpp
     1>C:\Users\Manmade\Desktop\КПО\KPO_2sem\Code\lab_7\lab_7\main.cpp(7,1): warning C4326: возвращаемый тип "main" должен быть "int", а не "void"
       Link:
         C:\Program Files\Microsoft Visual Studio\2022\Community\VC\Tools\MSVC\14.39.33519\bin\HostX86\x86\link.exe /ERRORREPORT:PROMPT /OUT:"C:\Users\Manmade\Desktop\КПО\KPO_2sem\Code\lab_7\Debug\lab_7.exe" /INCREMENTAL /ILK:"Debug\lab_7.ilk" /NOLOGO kernel32.lib user32.lib gdi32.lib winspool.lib comdlg32.lib advapi32.lib shell32.lib ole32.lib oleaut32.lib uuid.lib odbc32.lib odbccp32.lib /MANIFEST /MANIFESTUAC:"level='asInvoker' uiAccess='false'" /manifest:embed /DEBUG /PDB:"C:\Users\Manmade\Desktop\КПО\KPO_2sem\Code\lab_7\Debug\lab_7.pdb" /SUBSYSTEM:CONSOLE /TLBID:1 /DYNAMICBASE /NXCOMPAT /IMPLIB:"C:\Users\Manmade\Desktop\КПО\KPO_2sem\Code\lab_7\Debug\lab_7.lib" /MACHINE:X86 Debug\Call.obj
         Debug\main.obj
         lab_7.vcxproj -> C:\Users\Manmade\Desktop\КПО\KPO_2sem\Code\lab_7\Debug\lab_7.exe
       FinalizeBuildStatus:
         Файл "Debug\lab_7.tlog\unsuccessfulbuild" удаляется.
         Обращение к "Debug\lab_7.tlog\lab_7.lastbuildstate".
     1>Сборка проекта "C:\Users\Manmade\Desktop\КПО\KPO_2sem\Code\lab_7\lab_7\lab_7.vcxproj" завершена (целевые объекты Build).

Сборка успешно завершена.

       "C:\Users\Manmade\Desktop\КПО\KPO_2sem\Code\lab_7\lab_7\lab_7.vcxproj" (целевой объект Build ) (1) ->
       (Целевой объект ClCompile) -> 
         C:\Users\Manmade\Desktop\КПО\KPO_2sem\Code\lab_7\lab_7\main.cpp(7,1): warning C4326: возвращаемый тип "main" должен быть "int", а не "void"

    Предупреждений: 1
    Ошибок: 0

Прошло времени 00:00:00.81
