Сборка начата 15.03.2024 19:01:33.
Уровень детализации журнала: Normal.     1>Проект "C:\Users\Manmade\Desktop\КПО\KPO_2sem\Code\lab_2\lab_2\lab_2.vcxproj" в узле 2 (целевые объекты Build).
     1>PrepareForBuild:
         Структурированный вывод включен. Форматирование диагностики компилятора будет отражать иерархию ошибок. Подробнее см. https://aka.ms/cpp/structured-output.
       InitializeBuildStatus:
         Создание "Debug\lab_2.tlog\unsuccessfulbuild", так как было задано "AlwaysCreate".
         Обращение к "Debug\lab_2.tlog\unsuccessfulbuild".
       ClCompile:
         Для всех выходных данных обновления не требуется.
       Link:
         C:\Program Files\Microsoft Visual Studio\2022\Community\VC\Tools\MSVC\14.39.33519\bin\HostX86\x86\link.exe /ERRORREPORT:PROMPT /OUT:"C:\Users\Manmade\Desktop\КПО\KPO_2sem\Code\lab_2\Debug\lab_2.exe" /INCREMENTAL /ILK:"Debug\lab_2.ilk" /NOLOGO kernel32.lib user32.lib gdi32.lib winspool.lib comdlg32.lib advapi32.lib shell32.lib ole32.lib oleaut32.lib uuid.lib odbc32.lib odbccp32.lib /MANIFEST /MANIFESTUAC:"level='asInvoker' uiAccess='false'" /manifest:embed /DEBUG /PDB:"C:\Users\Manmade\Desktop\КПО\KPO_2sem\Code\lab_2\Debug\lab_2.pdb" /SUBSYSTEM:CONSOLE /TLBID:1 /DYNAMICBASE /NXCOMPAT /IMPLIB:"C:\Users\Manmade\Desktop\КПО\KPO_2sem\Code\lab_2\Debug\lab_2.lib" /MACHINE:X86 Debug\lab_2.obj
         lab_2.vcxproj -> C:\Users\Manmade\Desktop\КПО\KPO_2sem\Code\lab_2\Debug\lab_2.exe
       FinalizeBuildStatus:
         Файл "Debug\lab_2.tlog\unsuccessfulbuild" удаляется.
         Обращение к "Debug\lab_2.tlog\lab_2.lastbuildstate".
     1>Сборка проекта "C:\Users\Manmade\Desktop\КПО\KPO_2sem\Code\lab_2\lab_2\lab_2.vcxproj" завершена (целевые объекты Build).

Сборка успешно завершена.
    Предупреждений: 0
    Ошибок: 0

Прошло времени 00:00:00.76
