Сборка начата 01.03.2024 18:29:50.
Уровень детализации журнала: Normal.     1>Проект "C:\Users\Manmade\Desktop\КПО\Код\lab_2\lab_2\lab_2.vcxproj" в узле 2 (целевые объекты Build).
     1>PrepareForBuild:
         Структурированный вывод включен. Форматирование диагностики компилятора будет отражать иерархию ошибок. Подробнее см. https://aka.ms/cpp/structured-output.
       InitializeBuildStatus:
         Создание "Debug\lab_2.tlog\unsuccessfulbuild", так как было задано "AlwaysCreate".
         Обращение к "Debug\lab_2.tlog\unsuccessfulbuild".
       ClCompile:
         C:\Program Files\Microsoft Visual Studio\2022\Community\VC\Tools\MSVC\14.39.33519\bin\HostX86\x86\CL.exe /c /ZI /JMC /nologo /W3 /WX- /diagnostics:column /sdl /Od /Oy- /D WIN32 /D _DEBUG /D _CONSOLE /D _UNICODE /D UNICODE /Gm- /EHsc /RTC1 /MDd /GS /fp:precise /Zc:wchar_t /Zc:forScope /Zc:inline /permissive- /Fo"Debug\\" /Fd"Debug\vc143.pdb" /external:W3 /Gd /TP /analyze- /FC /errorReport:prompt lab_2.cpp
         lab_2.cpp
     1>C:\Users\Manmade\Desktop\КПО\Код\lab_2\lab_2\lab_2.cpp(5,1): warning C4326: возвращаемый тип "main" должен быть "int", а не "void"
     1>C:\Users\Manmade\Desktop\КПО\Код\lab_2\lab_2\lab_2.cpp(102,12): warning C4305: инициализация: усечение из "double" в "float"
     1>C:\Users\Manmade\Desktop\КПО\Код\lab_2\lab_2\lab_2.cpp(79,1): warning C4723: возможное деление на 0
     1>C:\Users\Manmade\Desktop\КПО\Код\lab_2\lab_2\lab_2.cpp(82,1): warning C4723: возможное деление на 0
       Link:
         C:\Program Files\Microsoft Visual Studio\2022\Community\VC\Tools\MSVC\14.39.33519\bin\HostX86\x86\link.exe /ERRORREPORT:PROMPT /OUT:"C:\Users\Manmade\Desktop\КПО\Код\lab_2\Debug\lab_2.exe" /INCREMENTAL /ILK:"Debug\lab_2.ilk" /NOLOGO kernel32.lib user32.lib gdi32.lib winspool.lib comdlg32.lib advapi32.lib shell32.lib ole32.lib oleaut32.lib uuid.lib odbc32.lib odbccp32.lib /MANIFEST /MANIFESTUAC:"level='asInvoker' uiAccess='false'" /manifest:embed /DEBUG /PDB:"C:\Users\Manmade\Desktop\КПО\Код\lab_2\Debug\lab_2.pdb" /SUBSYSTEM:CONSOLE /TLBID:1 /DYNAMICBASE /NXCOMPAT /IMPLIB:"C:\Users\Manmade\Desktop\КПО\Код\lab_2\Debug\lab_2.lib" /MACHINE:X86 Debug\lab_2.obj
         lab_2.vcxproj -> C:\Users\Manmade\Desktop\КПО\Код\lab_2\Debug\lab_2.exe
       FinalizeBuildStatus:
         Файл "Debug\lab_2.tlog\unsuccessfulbuild" удаляется.
         Обращение к "Debug\lab_2.tlog\lab_2.lastbuildstate".
     1>Сборка проекта "C:\Users\Manmade\Desktop\КПО\Код\lab_2\lab_2\lab_2.vcxproj" завершена (целевые объекты Build).

Сборка успешно завершена.

       "C:\Users\Manmade\Desktop\КПО\Код\lab_2\lab_2\lab_2.vcxproj" (целевой объект Build ) (1) ->
       (Целевой объект ClCompile) -> 
         C:\Users\Manmade\Desktop\КПО\Код\lab_2\lab_2\lab_2.cpp(5,1): warning C4326: возвращаемый тип "main" должен быть "int", а не "void"
         C:\Users\Manmade\Desktop\КПО\Код\lab_2\lab_2\lab_2.cpp(102,12): warning C4305: инициализация: усечение из "double" в "float"
         C:\Users\Manmade\Desktop\КПО\Код\lab_2\lab_2\lab_2.cpp(79,1): warning C4723: возможное деление на 0
         C:\Users\Manmade\Desktop\КПО\Код\lab_2\lab_2\lab_2.cpp(82,1): warning C4723: возможное деление на 0

    Предупреждений: 4
    Ошибок: 0

Прошло времени 00:00:00.78
